<?xml version="1.0" encoding="UTF-8"?>
<testsuite xmlns:xsi="http://www.w3.org/2001/XMLSchema-instance" xsi:noNamespaceSchemaLocation="https://maven.apache.org/surefire/maven-surefire-plugin/xsd/surefire-test-report.xsd" name="net.erchen.adventofcode2022.day07.DirectoryTest" time="0.016" tests="5" errors="0" skipped="0" failures="0">
  <properties>
[...]
</properties>
  <testcase name="shouldGetSubdir" classname="net.erchen.adventofcode2022.day07.DirectoryTest" time="0.002"/>
  <testcase name="shouldGetRecursiveSubdirs" classname="net.erchen.adventofcode2022.day07.DirectoryTest" time="0.001"/>
  <testcase name="shouldGetSubdirs" classname="net.erchen.adventofcode2022.day07.DirectoryTest" time="0.001"/>
  <testcase name="shouldInitByInput" classname="net.erchen.adventofcode2022.day07.DirectoryTest" time="0"/>
  <testcase name="shouldCalculateSize" classname="net.erchen.adventofcode2022.day07.DirectoryTest" time="0.001"/>
</testsuite>